<?xml version="1.0" encoding="UTF-8"?>
<!-- Generated by org.testng.reporters.JUnitReportReporter -->
<testsuite hostname="WIN-AN7GGQLOUGK" name="Testcases.OpenBugTest" tests="1" failures="0" timestamp="31 Oct 2016 09:01:51 GMT" time="27.232" errors="0">
  <testcase name="f" time="27.232" classname="Testcases.OpenBugTest"/>
</testsuite> <!-- Testcases.OpenBugTest -->
